<?xml version="1.0" encoding="UTF-8"?>
<!-- Generated by org.testng.reporters.JUnitReportReporter -->
<testsuite skipped="0" hostname="MININT-CF4U462" name="testing.test_calculadora" tests="1" failures="0" timestamp="06 jul 2017 23:23:36 GMT" time="185.299" errors="0">
  <testcase name="mytest" time="185.299" classname="testing.test_calculadora"/>
</testsuite> <!-- testing.test_calculadora -->
