<?xml version="1.0" encoding="UTF-8"?>
<!-- Generated by org.testng.reporters.JUnitReportReporter -->
<testsuite skipped="0" hostname="MININT-CF4U462" name="testing.TestCC" tests="1" failures="0" timestamp="06 jul 2017 23:50:54 GMT" time="223.435" errors="0">
  <testcase name="mytest" time="223.435" classname="testing.TestCC"/>
</testsuite> <!-- testing.TestCC -->
